\BOOKMARK [1][-]{section.1}{Introducción}{}% 1
\BOOKMARK [1][-]{section.2}{Objetivos}{}% 2
\BOOKMARK [2][-]{subsection.2.1}{Generales}{section.2}% 3
\BOOKMARK [2][-]{subsection.2.2}{Específicos}{section.2}% 4
\BOOKMARK [1][-]{section.3}{Propuesta de algoritmos a utilizar}{}% 5
\BOOKMARK [1][-]{section.4}{Descripción del hardware y software a utilizar.}{}% 6
\BOOKMARK [2][-]{subsection.4.1}{Lenguaje de programación}{section.4}% 7
\BOOKMARK [3][-]{subsubsection.4.1.1}{VHDL}{subsection.4.1}% 8
\BOOKMARK [2][-]{subsection.4.2}{JavaScript}{section.4}% 9
\BOOKMARK [2][-]{subsection.4.3}{Materiales propuestos}{section.4}% 10
\BOOKMARK [1][-]{section.5}{Breve descripción de los módulos a implementar en la FPGA}{}% 11
\BOOKMARK [1][-]{section.6}{Diseño Experimental}{}% 12
\BOOKMARK [2][-]{subsection.6.1}{Presupuesto y materiales a utilizar.}{section.6}% 13
\BOOKMARK [2][-]{subsection.6.2}{Cronograma}{section.6}% 14
\BOOKMARK [2][-]{subsection.6.3}{Diagrama de Bloques}{section.6}% 15
\BOOKMARK [1][-]{section.7}{Resultados}{}% 16
\BOOKMARK [2][-]{subsection.7.1}{UART}{section.7}% 17
\BOOKMARK [2][-]{subsection.7.2}{Transmisión de datos inalámbrico con ESP8266}{section.7}% 18
\BOOKMARK [2][-]{subsection.7.3}{Bocina}{section.7}% 19
\BOOKMARK [1][-]{section.8}{Conclusiones}{}% 20
